<?xml version="1.0" encoding="UTF-8"?>
<!-- Generated by org.testng.reporters.JUnitReportReporter -->
<testsuite hostname="DESKTOP-379USB3" failures="0" tests="2" name="api.test.FBTes" time="3.436" errors="0" timestamp="2023-03-28T22:53:47 IST" skipped="0">
  <testcase classname="api.test.FBTes" name="getStatus" time="2.874"/>
  <system-out/>
  <testcase classname="api.test.FBTes" name="getTimezone" time="0.562"/>
  <system-out/>
</testsuite> <!-- api.test.FBTes -->
