<?xml version="1.0" encoding="UTF-8"?>
<!-- Generated by org.testng.reporters.JUnitReportReporter -->
<testsuite hostname="DESKTOP-379USB3" failures="0" tests="3" name="api.test.FBTes" time="8.608" errors="0" timestamp="2023-03-28T23:04:38 IST" skipped="0">
  <testcase classname="api.test.FBTes" name="getStatus" time="4.449"/>
  <system-out/>
  <testcase classname="api.test.FBTes" name="getTimezone" time="0.649"/>
  <system-out/>
  <testcase classname="api.test.FBTes" name="getLeagues" time="3.510"/>
  <system-out/>
</testsuite> <!-- api.test.FBTes -->
