<?xml version="1.0" encoding="UTF-8"?>
<!-- Generated by org.testng.reporters.JUnitReportReporter -->
<testsuite hostname="DESKTOP-379USB3" failures="0" tests="1" name="api.test.FBTes" time="4.473" errors="0" timestamp="2023-03-29T22:08:04 IST" skipped="0">
  <testcase classname="api.test.FBTes" name="getTeams" time="4.473"/>
  <system-out/>
</testsuite> <!-- api.test.FBTes -->
